0 info it worked if it ends with ok
1 verbose cli [ '/usr/bin/node', '/usr/bin/npm', 'install', '—', 'production' ]
2 info using npm@3.5.2
3 info using node@v8.10.0
4 silly loadCurrentTree Starting
5 silly install loadCurrentTree
6 silly install readLocalPackageData
7 silly fetchPackageMetaData —
8 silly fetchPackageMetaData production
9 silly fetchOtherPackageData —
10 silly cache add args [ '—', null ]
11 verbose cache add spec —
12 silly fetchNamedPackageData production
13 silly mapToRegistry name production
14 silly mapToRegistry using default registry
15 silly mapToRegistry registry https://registry.npmjs.org/
16 silly mapToRegistry uri https://registry.npmjs.org/production
17 silly cache add parsed spec Result {
17 silly cache add   raw: '—',
17 silly cache add   scope: null,
17 silly cache add   name: null,
17 silly cache add   rawSpec: '—',
17 silly cache add   spec: '/root/testnode/testCICD/—',
17 silly cache add   type: 'local' }
18 error addLocal Could not install /root/testnode/testCICD/—
19 silly fetchPackageMetaData Error: ENOENT: no such file or directory, open '/root/testnode/testCICD/—'
19 silly fetchPackageMetaData  error for — { Error: ENOENT: no such file or directory, open '/root/testnode/testCICD/—'
19 silly fetchPackageMetaData   errno: -2,
19 silly fetchPackageMetaData   code: 'ENOENT',
19 silly fetchPackageMetaData   syscall: 'open',
19 silly fetchPackageMetaData   path: '/root/testnode/testCICD/—' }
20 verbose request uri https://registry.npmjs.org/production
21 verbose request no auth needed
22 info attempt registry request try #1 at 3:02:40 PM
23 verbose request id db64a91d32c1c0dc
24 http request GET https://registry.npmjs.org/production
25 verbose stack TypeError: The header content contains invalid characters
25 verbose stack     at validateHeader (_http_outgoing.js:494:11)
25 verbose stack     at ClientRequest.setHeader (_http_outgoing.js:498:3)
25 verbose stack     at new ClientRequest (_http_client.js:173:14)
25 verbose stack     at Object.request (http.js:38:10)
25 verbose stack     at Object.request (https.js:239:15)
25 verbose stack     at Request.start (/usr/share/npm/node_modules/request/request.js:793:30)
25 verbose stack     at Request.end (/usr/share/npm/node_modules/request/request.js:1400:10)
25 verbose stack     at end (/usr/share/npm/node_modules/request/request.js:564:14)
25 verbose stack     at Immediate._onImmediate (/usr/share/npm/node_modules/request/request.js:578:7)
25 verbose stack     at runCallback (timers.js:794:20)
26 verbose cwd /root/testnode/testCICD
27 error Linux 4.15.0-55-generic
28 error argv "/usr/bin/node" "/usr/bin/npm" "install" "—" "production"
29 error node v8.10.0
30 error npm  v3.5.2
31 error The header content contains invalid characters
32 error If you need help, you may report this error at:
32 error     <https://github.com/npm/npm/issues>
33 verbose exit [ 1, true ]
